<?xml version="1.0" encoding="UTF-8"?>
<!-- Generated by org.testng.reporters.JUnitXMLReporter -->
<testsuite ignored="9" hostname="DVCINH6092255" failures="0" tests="4" name="three-four" time="0.012" errors="0" timestamp="2024-01-31T18:36:45 IST">
  <testcase classname="TestNG.three" name="three" time="0.001"/>
  <testcase classname="TestNG.four" name="three" time="0.001"/>
  <testcase classname="TestNG.ten_TC" name="five" time="0.001"/>
  <testcase classname="TestNG.ten_TC" name="six" time="0.002"/>
  <testcase classname="TestNG.ten_TC" name="ten" time="0.0">
    <ignored/>
  </testcase> <!-- ten -->
  <testcase classname="TestNG.ten_TC" name="three" time="0.0">
    <ignored/>
  </testcase> <!-- three -->
  <testcase classname="TestNG.ten_TC" name="eight" time="0.0">
    <ignored/>
  </testcase> <!-- eight -->
  <testcase classname="TestNG.ten_TC" name="seven" time="0.0">
    <ignored/>
  </testcase> <!-- seven -->
  <testcase classname="TestNG.ten_TC" name="one" time="0.0">
    <ignored/>
  </testcase> <!-- one -->
  <testcase classname="TestNG.ten_TC" name="four" time="0.0">
    <ignored/>
  </testcase> <!-- four -->
  <testcase classname="TestNG.three" name="exclude" time="0.0">
    <ignored/>
  </testcase> <!-- exclude -->
  <testcase classname="TestNG.ten_TC" name="nine" time="0.0">
    <ignored/>
  </testcase> <!-- nine -->
  <testcase classname="TestNG.ten_TC" name="two" time="0.0">
    <ignored/>
  </testcase> <!-- two -->
</testsuite> <!-- three-four -->
